<?xml version="1.0" encoding="UTF-8"?>
<!-- Generated by org.testng.reporters.JUnitReportReporter -->
<testsuite hostname="DELLVOSTRO" failures="0" tests="1" name="firsttestngpackage.RememberPassCheckBox_hoctructuyen" time="16.000" errors="0" timestamp="2020-10-30T18:38:15 ICT" skipped="0">
  <testcase classname="firsttestngpackage.RememberPassCheckBox_hoctructuyen" name="RememberPassCheckBox_hoctructuyen" time="16.000"/>
  <system-out/>
</testsuite> <!-- firsttestngpackage.RememberPassCheckBox_hoctructuyen -->
