<?xml version="1.0" encoding="UTF-8"?>
<!-- Generated by org.testng.reporters.JUnitReportReporter -->
<testsuite hostname="DELLVOSTRO" failures="0" tests="1" name="firsttestngpackage.CoursesSelect" time="19.284" errors="0" timestamp="2020-11-13T20:02:58 ICT" skipped="0">
  <testcase classname="firsttestngpackage.CoursesSelect" name="CoursesSelect_hoctructuyen" time="19.284"/>
  <system-out/>
</testsuite> <!-- firsttestngpackage.CoursesSelect -->
