<?xml version="1.0" encoding="UTF-8"?>
<!-- Generated by org.testng.reporters.JUnitReportReporter -->
<testsuite hostname="DELLVOSTRO" failures="0" tests="1" name="firsttestngpackage.RememberPasswordCheckBox" time="23.010" errors="0" timestamp="2020-11-13T20:02:16 ICT" skipped="0">
  <testcase classname="firsttestngpackage.RememberPasswordCheckBox" name="RememberPassCheckBox" time="23.010"/>
  <system-out/>
</testsuite> <!-- firsttestngpackage.RememberPasswordCheckBox -->
