<?xml version="1.0" encoding="UTF-8"?>
<!-- Generated by org.testng.reporters.JUnitReportReporter -->
<testsuite hostname="DELLVOSTRO" failures="0" tests="1" name="firsttestngpackage.Login" time="12.515" errors="0" timestamp="2020-11-13T19:40:38 ICT" skipped="0">
  <testcase classname="firsttestngpackage.Login" name="login" time="12.515"/>
  <system-out/>
</testsuite> <!-- firsttestngpackage.Login -->
