<?xml version="1.0" encoding="UTF-8"?>
<!-- Generated by org.testng.reporters.JUnitReportReporter -->
<testsuite hostname="DELLVOSTRO" failures="0" tests="1" name="firsttestngpackage.Previousmonth" time="32.464" errors="0" timestamp="2020-11-13T18:45:21 ICT" skipped="0">
  <testcase classname="firsttestngpackage.Previousmonth" name="Previousmonth" time="32.464"/>
  <system-out/>
</testsuite> <!-- firsttestngpackage.Previousmonth -->
