<?xml version="1.0" encoding="UTF-8"?>
<!-- Generated by org.testng.reporters.JUnitReportReporter -->
<testsuite hostname="DELLVOSTRO" failures="0" tests="1" name="firsttestngpackage.coursesselect_hoctructuyen" time="13.630" errors="0" timestamp="2020-10-30T20:25:34 ICT" skipped="0">
  <testcase classname="firsttestngpackage.coursesselect_hoctructuyen" name="CoursesSelect_hoctructuyen" time="13.630"/>
  <system-out/>
</testsuite> <!-- firsttestngpackage.coursesselect_hoctructuyen -->
