<?xml version="1.0" encoding="UTF-8"?>
<!-- Generated by org.testng.reporters.JUnitReportReporter -->
<testsuite hostname="DELLVOSTRO" failures="0" tests="1" name="firsttestngpackage.PreviousAndNextMonth" time="16.392" errors="0" timestamp="2020-11-13T19:59:58 ICT" skipped="0">
  <testcase classname="firsttestngpackage.PreviousAndNextMonth" name="Previousmonth" time="16.392"/>
  <system-out/>
</testsuite> <!-- firsttestngpackage.PreviousAndNextMonth -->
