<?xml version="1.0" encoding="UTF-8"?>
<!-- Generated by org.testng.reporters.JUnitReportReporter -->
<testsuite hostname="DELLVOSTRO" failures="0" tests="1" name="firsttestngpackage.LoginAndLogout" time="24.656" errors="0" timestamp="2020-11-13T20:01:38 ICT" skipped="0">
  <testcase classname="firsttestngpackage.LoginAndLogout" name="login" time="24.656"/>
  <system-out/>
</testsuite> <!-- firsttestngpackage.LoginAndLogout -->
