<?xml version="1.0" encoding="UTF-8"?>
<!-- Generated by org.testng.reporters.JUnitReportReporter -->
<testsuite hostname="DELLVOSTRO" failures="0" tests="1" name="firsttestngpackage.FirstTestNGFile" time="17.054" errors="0" timestamp="2020-10-30T18:29:38 ICT" skipped="0">
  <testcase classname="firsttestngpackage.FirstTestNGFile" name="CoursesSelect_hoctructuyen" time="17.054"/>
  <system-out/>
</testsuite> <!-- firsttestngpackage.FirstTestNGFile -->
