<?xml version="1.0" encoding="UTF-8"?>
<!-- Generated by org.testng.reporters.JUnitReportReporter -->
<testsuite hostname="DELLVOSTRO" failures="0" tests="1" name="firsttestngpackage.Title" time="14.605" errors="0" timestamp="2020-11-13T19:59:13 ICT" skipped="0">
  <testcase classname="firsttestngpackage.Title" name="title_hoctructuyen" time="14.605"/>
  <system-out/>
</testsuite> <!-- firsttestngpackage.Title -->
