<?xml version="1.0" encoding="UTF-8"?>
<!-- Generated by org.testng.reporters.JUnitReportReporter -->
<testsuite hostname="DELLVOSTRO" failures="0" tests="1" name="firsttestngpackage.login_hoctructuyen" time="15.747" errors="0" timestamp="2020-10-30T18:42:20 ICT" skipped="0">
  <testcase classname="firsttestngpackage.login_hoctructuyen" name="login_hoctructuyen" time="15.747"/>
  <system-out/>
</testsuite> <!-- firsttestngpackage.login_hoctructuyen -->
